<?xml version="1.0" encoding="utf-8" standalone="no"?>
<test-results xmlns:xsi="http://www.w3.org/2001/XMLSchema-instance" xsi:noNamespaceSchemaLocation="nunit_schema_2.5.xsd" name="Pester" total="3" errors="0" failures="0" not-run="0" inconclusive="0" ignored="0" skipped="0" invalid="0" date="2021-03-14" time="10:25:32">
  <environment clr-version="4.0.30319.42000" user-domain="RAANDREE2" cwd="C:\Git\JeaDashboard\JeaConfig" platform="Microsoft Windows 10 Pro for Workstations|C:\Windows|\Device\Harddisk1\Partition3" machine-name="RAANDREE2" nunit-version="2.5.8.0" os-version="10.0.19042" user="randr" />
  <culture-info current-culture="de-DE" current-uiculture="en-US" />
  <test-suite type="TestFixture" name="Pester" executed="True" result="Success" success="True" time="0.3159" asserts="0" description="Pester">
    <results>
      <test-suite type="TestFixture" name="C:\Git\JeaDashboard\JeaConfig\Tests\Acceptance\TestMofFiles.Tests.ps1" executed="True" result="Success" success="True" time="0.2682" asserts="0" description="C:\Git\JeaDashboard\JeaConfig\Tests\Acceptance\TestMofFiles.Tests.ps1">
        <results>
          <test-suite type="TestFixture" name="MOF Files" executed="True" result="Success" success="True" time="0.2" asserts="0" description="MOF Files">
            <results>
              <test-case description="All nodes have a MOF file" name="MOF Files.All nodes have a MOF file" time="0.0244" asserts="0" success="True" result="Success" executed="True" />
              <test-case description="Node 'FIWeb1' should have a MOF file" name="MOF Files.Node 'FIWeb1' should have a MOF file" time="0.0341" asserts="0" success="True" result="Success" executed="True" />
              <test-case description="Node 'FIWeb2' should have a MOF file" name="MOF Files.Node 'FIWeb2' should have a MOF file" time="0.004" asserts="0" success="True" result="Success" executed="True" />
            </results>
          </test-suite>
        </results>
      </test-suite>
      <test-suite type="TestFixture" name="C:\Git\JeaDashboard\JeaConfig\Tests\ConfigData\ConfigData.Tests.ps1" executed="True" result="Success" success="True" time="0.0478" asserts="0" description="C:\Git\JeaDashboard\JeaConfig\Tests\ConfigData\ConfigData.Tests.ps1">
        <results />
      </test-suite>
    </results>
  </test-suite>
</test-results>