<?xml version="1.0" encoding="utf-8" standalone="no"?>
<test-results xmlns:xsi="http://www.w3.org/2001/XMLSchema-instance" xsi:noNamespaceSchemaLocation="nunit_schema_2.5.xsd" name="Pester" total="6" errors="0" failures="0" not-run="0" inconclusive="0" ignored="0" skipped="0" invalid="0" date="2021-03-14" time="10:25:17">
  <environment clr-version="4.0.30319.42000" user-domain="RAANDREE2" cwd="C:\Git\JeaDashboard\JeaConfig" platform="Microsoft Windows 10 Pro for Workstations|C:\Windows|\Device\Harddisk1\Partition3" machine-name="RAANDREE2" nunit-version="2.5.8.0" os-version="10.0.19042" user="randr" />
  <culture-info current-culture="de-DE" current-uiculture="en-US" />
  <test-suite type="TestFixture" name="Pester" executed="True" result="Success" success="True" time="2.2955" asserts="0" description="Pester">
    <results>
      <test-suite type="TestFixture" name="C:\Git\JeaDashboard\JeaConfig\Tests\Acceptance\TestMofFiles.Tests.ps1" executed="True" result="Success" success="True" time="1.1511" asserts="0" description="C:\Git\JeaDashboard\JeaConfig\Tests\Acceptance\TestMofFiles.Tests.ps1">
        <results />
      </test-suite>
      <test-suite type="TestFixture" name="C:\Git\JeaDashboard\JeaConfig\Tests\ConfigData\ConfigData.Tests.ps1" executed="True" result="Success" success="True" time="1.1444" asserts="0" description="C:\Git\JeaDashboard\JeaConfig\Tests\ConfigData\ConfigData.Tests.ps1">
        <results>
          <test-suite type="TestFixture" name="Datum Tree Definition" executed="True" result="Success" success="True" time="0.8942" asserts="0" description="Datum Tree Definition">
            <results>
              <test-case description="Exists in DscConfigData Folder" name="Datum Tree Definition.Exists in DscConfigData Folder" time="0.1313" asserts="0" success="True" result="Success" executed="True" />
              <test-case description="is Valid Yaml" name="Datum Tree Definition.is Valid Yaml" time="0.0748" asserts="0" success="True" result="Success" executed="True" />
            </results>
          </test-suite>
          <test-suite type="TestFixture" name="Node Definition Files" executed="True" result="Success" success="True" time="0.1812" asserts="0" description="Node Definition Files">
            <results>
              <test-case description="'C:\Git\JeaDashboard\JeaConfig\DscConfigData\AllNodes\FIWeb1.yml' should not be duplicated" name="Node Definition Files.'C:\Git\JeaDashboard\JeaConfig\DscConfigData\AllNodes\FIWeb1.yml' should not be duplicated" time="0.017" asserts="0" success="True" result="Success" executed="True" />
              <test-case description="'FIWeb1' has valid yaml" name="Node Definition Files.'FIWeb1' has valid yaml" time="0.034" asserts="0" success="True" result="Success" executed="True" />
              <test-case description="'C:\Git\JeaDashboard\JeaConfig\DscConfigData\AllNodes\FIWeb2.yml' should not be duplicated" name="Node Definition Files.'C:\Git\JeaDashboard\JeaConfig\DscConfigData\AllNodes\FIWeb2.yml' should not be duplicated" time="0.0049" asserts="0" success="True" result="Success" executed="True" />
              <test-case description="'FIWeb2' has valid yaml" name="Node Definition Files.'FIWeb2' has valid yaml" time="0.0114" asserts="0" success="True" result="Success" executed="True" />
            </results>
          </test-suite>
        </results>
      </test-suite>
    </results>
  </test-suite>
</test-results>